<?xml version="1.0" encoding="UTF-8"?>
<!-- Generated by org.testng.reporters.JUnitReportReporter -->
<testsuite skipped="0" hostname="DESKTOP-TOLCH0V" name="Tests.TestElements.TestTextBox" tests="5" failures="0" timestamp="2022-02-03T00:56:32 CET" time="4.663" errors="0">
  <testcase name="enterPersonalInfoHappyPath" time="0.877" classname="Tests.TestElements.TestTextBox"/>
  <system-out/>
  <testcase name="enterPersonalInfoHappyPath" time="0.821" classname="Tests.TestElements.TestTextBox"/>
  <system-out/>
  <testcase name="enterPersonalInfoHappyPath" time="0.843" classname="Tests.TestElements.TestTextBox"/>
  <system-out/>
  <testcase name="enterPersonalInfoHappyPath" time="1.388" classname="Tests.TestElements.TestTextBox"/>
  <system-out/>
  <testcase name="enterPersonalInfoHappyPath" time="0.734" classname="Tests.TestElements.TestTextBox"/>
  <system-out/>
</testsuite> <!-- Tests.TestElements.TestTextBox -->
