<?xml version="1.0" encoding="UTF-8"?>
<!-- Generated by org.testng.reporters.JUnitReportReporter -->
<testsuite skipped="0" hostname="DESKTOP-TOLCH0V" name="Tests.TestInteractions.TestDrag" tests="1" failures="0" timestamp="2022-02-03T00:56:32 CET" time="2.041" errors="0">
  <testcase name="dragAndDropElement" time="2.041" classname="Tests.TestInteractions.TestDrag"/>
  <system-out/>
</testsuite> <!-- Tests.TestInteractions.TestDrag -->
