<?xml version="1.0" encoding="UTF-8"?>
<!-- Generated by org.testng.reporters.JUnitReportReporter -->
<testsuite skipped="0" hostname="DESKTOP-TOLCH0V" name="Tests.TestElements.TestCheckbox" tests="1" failures="0" timestamp="2022-02-03T00:56:32 CET" time="1.025" errors="0">
  <testcase name="selectigAllBoxes" time="1.025" classname="Tests.TestElements.TestCheckbox"/>
  <system-out/>
</testsuite> <!-- Tests.TestElements.TestCheckbox -->
