<?xml version="1.0" encoding="UTF-8"?>
<!-- Generated by org.testng.reporters.JUnitReportReporter -->
<testsuite skipped="0" hostname="DESKTOP-TOLCH0V" name="Tests.TestElements.TestButtons" tests="3" failures="0" timestamp="2022-02-03T00:56:32 CET" time="1.953" errors="0">
  <testcase name="kliktalicaLeva" time="0.360" classname="Tests.TestElements.TestButtons"/>
  <system-out/>
  <testcase name="kliktalicaDesna" time="1.055" classname="Tests.TestElements.TestButtons"/>
  <system-out/>
  <testcase name="kliktalicaDupla" time="0.538" classname="Tests.TestElements.TestButtons"/>
  <system-out/>
</testsuite> <!-- Tests.TestElements.TestButtons -->
