<?xml version="1.0" encoding="UTF-8"?>
<!-- Generated by org.testng.reporters.JUnitReportReporter -->
<testsuite skipped="0" hostname="DESKTOP-TOLCH0V" name="Tests.TestElements.TestWebTables" tests="3" failures="0" timestamp="2022-02-03T00:56:32 CET" time="4.594" errors="0">
  <testcase name="enteringNewEmployeeHappyPath" time="1.340" classname="Tests.TestElements.TestWebTables"/>
  <system-out/>
  <testcase name="enteringNewEmployeeHappyPath" time="1.973" classname="Tests.TestElements.TestWebTables"/>
  <system-out/>
  <testcase name="enteringNewEmployeeHappyPath" time="1.281" classname="Tests.TestElements.TestWebTables"/>
  <system-out/>
</testsuite> <!-- Tests.TestElements.TestWebTables -->
